[记录时间：14:25:09.747]
用户帐号:admin
IP:127.0.0.1
异常：System.Exception: ORA-00904: "A"."PROCESS_ID": invalid identifier
   在 Maticsoft.DBUtility.DbHelperOra.Query(String SQLString, OracleParameter[] cmdParms) 位置 C:\Users\Administrator\Desktop\源码\数据采集器\DBUtility\DbHelperOra.cs:行号 472
   在 Logging_App.WebService.DataService.GetA1DataByView(String view_name, Byte[] data) 位置 C:\Users\Administrator\Desktop\源码\数据采集器\Logging_APP.WebService\DataService.asmx.cs:行号 697

消息：
[记录时间：14:55:16.609]
用户帐号:admin
IP:127.0.0.1
异常：System.Exception: ORA-01722: invalid number
   在 Maticsoft.DBUtility.DbHelperOra.Query(String SQLString, OracleParameter[] cmdParms) 位置 C:\Users\Administrator\Desktop\源码\数据采集器\DBUtility\DbHelperOra.cs:行号 472
   在 Logging_App.WebService.DataService.GetA1DataByView(String view_name, Byte[] data) 位置 C:\Users\Administrator\Desktop\源码\数据采集器\Logging_APP.WebService\DataService.asmx.cs:行号 697

消息：
[记录时间：14:55:32.848]
用户帐号:admin
IP:127.0.0.1
异常：System.Exception: ORA-01722: invalid number
   在 Maticsoft.DBUtility.DbHelperOra.Query(String SQLString, OracleParameter[] cmdParms) 位置 C:\Users\Administrator\Desktop\源码\数据采集器\DBUtility\DbHelperOra.cs:行号 472
   在 Logging_App.WebService.DataService.GetA1DataByView(String view_name, Byte[] data) 位置 C:\Users\Administrator\Desktop\源码\数据采集器\Logging_APP.WebService\DataService.asmx.cs:行号 697

消息：
